
Welcome to CakePHP v3.3.16 Console
---------------------------------------------------------------
App : src
Path: /var/www/myapp/src/
PHP : 7.1.26-1+ubuntu16.04.1+deb.sury.org+1
---------------------------------------------------------------
Initialize Update Assignee Shell of Staff > Career > Leave
Update Assignee Shell Exception : 
SQLSTATE[42S22]: Column not found: 1054 Unknown column 'Statuses.category' in 'on clause'
Update Assignee Shell Exception : 
Behavior class SurveyBehavior could not be found.
Initialize Update Assignee Shell of Administration > Training > Courses
Update Assignee Shell Exception : 
TrainingCourses is not associated with Assignees
Initialize Update Assignee Shell of Administration > Training > Sessions
Update Assignee Shell Exception : 
TrainingSessions is not associated with Assignees
Initialize Update Assignee Shell of Administration > Training > Results
Update Assignee Shell Exception : 
TrainingSessionResults is not associated with Assignees
Initialize Update Assignee Shell of Staff > Training > Needs
Update Assignee Shell Exception : 
SQLSTATE[42S22]: Column not found: 1054 Unknown column 'Statuses.category' in 'on clause'
Initialize Update Assignee Shell of Institutions > Positions
Update Assignee Shell Exception : 
SQLSTATE[42S22]: Column not found: 1054 Unknown column 'Statuses.category' in 'on clause'
Initialize Update Assignee Shell of Institutions > Staff > Change in Assignment
Update Assignee Shell Exception : 
SQLSTATE[42S22]: Column not found: 1054 Unknown column 'Statuses.category' in 'on clause'
Initialize Update Assignee Shell of Institutions > Visits > Requests
Update Assignee Shell Exception : 
SQLSTATE[42S02]: Base table or view not found: 1146 Table 'openemis.visit_requests' doesn't exist
Initialize Update Assignee Shell of Administration > Training > Applications
Update Assignee Shell Exception : 
SQLSTATE[42S02]: Base table or view not found: 1146 Table 'openemis.training_applications' doesn't exist
Initialize Update Assignee Shell of Staff > Professional Development > Licenses
Update Assignee Shell Exception : 
SQLSTATE[42S22]: Column not found: 1054 Unknown column 'Statuses.category' in 'on clause'
Initialize Update Assignee Shell of Institutions > Cases
Update Assignee Shell Exception : 
InstitutionCases is not associated with Assignees
Initialize Update Assignee Shell of Institutions > Staff Transfer > Receiving
Update Assignee Shell Exception : 
SQLSTATE[42S22]: Column not found: 1054 Unknown column 'Statuses.category' in 'on clause'
Initialize Update Assignee Shell of Institutions > Staff Transfer > Sending
Update Assignee Shell Exception : 
SQLSTATE[42S22]: Column not found: 1054 Unknown column 'Statuses.category' in 'on clause'
Initialize Update Assignee Shell of Institutions > Students > Student Withdraw
Update Assignee Shell Exception : 
SQLSTATE[42S22]: Column not found: 1054 Unknown column 'Statuses.category' in 'on clause'
Initialize Update Assignee Shell of Institutions > Students > Student Admission
Update Assignee Shell Exception : 
SQLSTATE[42S22]: Column not found: 1054 Unknown column 'Statuses.category' in 'on clause'
Initialize Update Assignee Shell of Institutions > Student Transfer > Receiving
Update Assignee Shell Exception : 
SQLSTATE[42S22]: Column not found: 1054 Unknown column 'Statuses.category' in 'on clause'
Initialize Update Assignee Shell of Institutions > Student Transfer > Sending
Update Assignee Shell Exception : 
SQLSTATE[42S22]: Column not found: 1054 Unknown column 'Statuses.category' in 'on clause'
Initialize Update Assignee Shell of Staff > Career > Appraisals
Update Assignee Shell Exception : 
SQLSTATE[42S22]: Column not found: 1054 Unknown column 'Statuses.category' in 'on clause'
Initialize Update Assignee Shell of Administration > Scholarships > Applications
Update Assignee Shell Exception : 
SQLSTATE[42S22]: Column not found: 1054 Unknown column 'Statuses.category' in 'on clause'

Welcome to CakePHP v3.3.16 Console
---------------------------------------------------------------
App : src
Path: /var/www/myapp/src/
PHP : 7.1.26-1+ubuntu16.04.1+deb.sury.org+1
---------------------------------------------------------------
Initialize Update Assignee Shell of Staff > Career > Leave
Update Assignee Shell Exception : 
SQLSTATE[42S22]: Column not found: 1054 Unknown column 'Statuses.category' in 'on clause'
Update Assignee Shell Exception : 
Behavior class SurveyBehavior could not be found.
Initialize Update Assignee Shell of Administration > Training > Courses
Update Assignee Shell Exception : 
TrainingCourses is not associated with Assignees
Initialize Update Assignee Shell of Administration > Training > Sessions
Update Assignee Shell Exception : 
TrainingSessions is not associated with Assignees
Initialize Update Assignee Shell of Administration > Training > Results
Update Assignee Shell Exception : 
TrainingSessionResults is not associated with Assignees
Initialize Update Assignee Shell of Staff > Training > Needs
Update Assignee Shell Exception : 
SQLSTATE[42S22]: Column not found: 1054 Unknown column 'Statuses.category' in 'on clause'
Initialize Update Assignee Shell of Institutions > Positions
Update Assignee Shell Exception : 
SQLSTATE[42S22]: Column not found: 1054 Unknown column 'Statuses.category' in 'on clause'
Initialize Update Assignee Shell of Institutions > Staff > Change in Assignment
Update Assignee Shell Exception : 
SQLSTATE[42S22]: Column not found: 1054 Unknown column 'Statuses.category' in 'on clause'
Initialize Update Assignee Shell of Institutions > Visits > Requests
Update Assignee Shell Exception : 
SQLSTATE[42S02]: Base table or view not found: 1146 Table 'openemis.visit_requests' doesn't exist
Initialize Update Assignee Shell of Administration > Training > Applications
Update Assignee Shell Exception : 
SQLSTATE[42S02]: Base table or view not found: 1146 Table 'openemis.training_applications' doesn't exist
Initialize Update Assignee Shell of Staff > Professional Development > Licenses
Update Assignee Shell Exception : 
SQLSTATE[42S22]: Column not found: 1054 Unknown column 'Statuses.category' in 'on clause'
Initialize Update Assignee Shell of Institutions > Cases
Update Assignee Shell Exception : 
InstitutionCases is not associated with Assignees
Initialize Update Assignee Shell of Institutions > Staff Transfer > Receiving
Update Assignee Shell Exception : 
SQLSTATE[42S22]: Column not found: 1054 Unknown column 'Statuses.category' in 'on clause'
Initialize Update Assignee Shell of Institutions > Staff Transfer > Sending
Update Assignee Shell Exception : 
SQLSTATE[42S22]: Column not found: 1054 Unknown column 'Statuses.category' in 'on clause'
Initialize Update Assignee Shell of Institutions > Students > Student Withdraw
Update Assignee Shell Exception : 
SQLSTATE[42S22]: Column not found: 1054 Unknown column 'Statuses.category' in 'on clause'
Initialize Update Assignee Shell of Institutions > Students > Student Admission
Update Assignee Shell Exception : 
SQLSTATE[42S22]: Column not found: 1054 Unknown column 'Statuses.category' in 'on clause'
Initialize Update Assignee Shell of Institutions > Student Transfer > Receiving
Update Assignee Shell Exception : 
SQLSTATE[42S22]: Column not found: 1054 Unknown column 'Statuses.category' in 'on clause'
Initialize Update Assignee Shell of Institutions > Student Transfer > Sending
Update Assignee Shell Exception : 
SQLSTATE[42S22]: Column not found: 1054 Unknown column 'Statuses.category' in 'on clause'
Initialize Update Assignee Shell of Staff > Career > Appraisals
Update Assignee Shell Exception : 
SQLSTATE[42S22]: Column not found: 1054 Unknown column 'Statuses.category' in 'on clause'
Initialize Update Assignee Shell of Administration > Scholarships > Applications
Update Assignee Shell Exception : 
SQLSTATE[42S22]: Column not found: 1054 Unknown column 'Statuses.category' in 'on clause'

Welcome to CakePHP v3.3.16 Console
---------------------------------------------------------------
App : src
Path: /var/www/myapp/src/
PHP : 7.1.26-1+ubuntu16.04.1+deb.sury.org+1
---------------------------------------------------------------
Initialize Update Assignee Shell of Staff > Career > Leave
Staff > Career > Leave - Unassigned Records : 0
End Processing Update Assignee Shell of Staff > Career > Leave
Update Assignee Shell Exception : 
Behavior class SurveyBehavior could not be found.
Initialize Update Assignee Shell of Administration > Training > Courses
Update Assignee Shell Exception : 
TrainingCourses is not associated with Assignees
Initialize Update Assignee Shell of Administration > Training > Sessions
Update Assignee Shell Exception : 
TrainingSessions is not associated with Assignees
Initialize Update Assignee Shell of Administration > Training > Results
Update Assignee Shell Exception : 
TrainingSessionResults is not associated with Assignees
Initialize Update Assignee Shell of Staff > Training > Needs
Staff > Training > Needs - Unassigned Records : 0
End Processing Update Assignee Shell of Staff > Training > Needs
Initialize Update Assignee Shell of Institutions > Positions
Institutions > Positions - Unassigned Records : 0
End Processing Update Assignee Shell of Institutions > Positions
Initialize Update Assignee Shell of Institutions > Staff > Change in Assignment
Institutions > Staff > Change in Assignment - Unassigned Records : 0
End Processing Update Assignee Shell of Institutions > Staff > Change in Assignment
Initialize Update Assignee Shell of Institutions > Visits > Requests
Update Assignee Shell Exception : 
SQLSTATE[42S02]: Base table or view not found: 1146 Table 'openemis.visit_requests' doesn't exist
Initialize Update Assignee Shell of Administration > Training > Applications
Update Assignee Shell Exception : 
SQLSTATE[42S02]: Base table or view not found: 1146 Table 'openemis.training_applications' doesn't exist
Initialize Update Assignee Shell of Staff > Professional Development > Licenses
Staff > Professional Development > Licenses - Unassigned Records : 0
End Processing Update Assignee Shell of Staff > Professional Development > Licenses
Initialize Update Assignee Shell of Institutions > Cases
Update Assignee Shell Exception : 
InstitutionCases is not associated with Assignees
Initialize Update Assignee Shell of Institutions > Staff Transfer > Receiving
Institutions > Staff Transfer > Receiving - Unassigned Records : 0
End Processing Update Assignee Shell of Institutions > Staff Transfer > Receiving
Initialize Update Assignee Shell of Institutions > Staff Transfer > Sending
Institutions > Staff Transfer > Sending - Unassigned Records : 0
End Processing Update Assignee Shell of Institutions > Staff Transfer > Sending
Initialize Update Assignee Shell of Institutions > Students > Student Withdraw
Institutions > Students > Student Withdraw - Unassigned Records : 0
End Processing Update Assignee Shell of Institutions > Students > Student Withdraw
Initialize Update Assignee Shell of Institutions > Students > Student Admission
Institutions > Students > Student Admission - Unassigned Records : 0
End Processing Update Assignee Shell of Institutions > Students > Student Admission
Initialize Update Assignee Shell of Institutions > Student Transfer > Receiving
Institutions > Student Transfer > Receiving - Unassigned Records : 0
End Processing Update Assignee Shell of Institutions > Student Transfer > Receiving
Initialize Update Assignee Shell of Institutions > Student Transfer > Sending
Institutions > Student Transfer > Sending - Unassigned Records : 0
End Processing Update Assignee Shell of Institutions > Student Transfer > Sending
Initialize Update Assignee Shell of Staff > Career > Appraisals
Staff > Career > Appraisals - Unassigned Records : 0
End Processing Update Assignee Shell of Staff > Career > Appraisals
Initialize Update Assignee Shell of Administration > Scholarships > Applications
Administration > Scholarships > Applications - Unassigned Records : 0
End Processing Update Assignee Shell of Administration > Scholarships > Applications

Welcome to CakePHP v3.3.16 Console
---------------------------------------------------------------
App : src
Path: /var/www/myapp/src/
PHP : 7.1.26-1+ubuntu16.04.1+deb.sury.org+1
---------------------------------------------------------------
Initialize Update Assignee Shell of Staff > Career > Leave
Staff > Career > Leave - Unassigned Records : 0
End Processing Update Assignee Shell of Staff > Career > Leave
Update Assignee Shell Exception : 
Behavior class SurveyBehavior could not be found.
Initialize Update Assignee Shell of Administration > Training > Courses
Update Assignee Shell Exception : 
TrainingCourses is not associated with Assignees
Initialize Update Assignee Shell of Administration > Training > Sessions
Update Assignee Shell Exception : 
TrainingSessions is not associated with Assignees
Initialize Update Assignee Shell of Administration > Training > Results
Update Assignee Shell Exception : 
TrainingSessionResults is not associated with Assignees
Initialize Update Assignee Shell of Staff > Training > Needs
Staff > Training > Needs - Unassigned Records : 0
End Processing Update Assignee Shell of Staff > Training > Needs
Initialize Update Assignee Shell of Institutions > Positions
Institutions > Positions - Unassigned Records : 0
End Processing Update Assignee Shell of Institutions > Positions
Initialize Update Assignee Shell of Institutions > Staff > Change in Assignment
Institutions > Staff > Change in Assignment - Unassigned Records : 0
End Processing Update Assignee Shell of Institutions > Staff > Change in Assignment
Initialize Update Assignee Shell of Institutions > Visits > Requests
Update Assignee Shell Exception : 
SQLSTATE[42S02]: Base table or view not found: 1146 Table 'openemis.visit_requests' doesn't exist
Initialize Update Assignee Shell of Administration > Training > Applications
Update Assignee Shell Exception : 
SQLSTATE[42S02]: Base table or view not found: 1146 Table 'openemis.training_applications' doesn't exist
Initialize Update Assignee Shell of Staff > Professional Development > Licenses
Staff > Professional Development > Licenses - Unassigned Records : 0
End Processing Update Assignee Shell of Staff > Professional Development > Licenses
Initialize Update Assignee Shell of Institutions > Cases
Update Assignee Shell Exception : 
InstitutionCases is not associated with Assignees
Initialize Update Assignee Shell of Institutions > Staff Transfer > Receiving
Institutions > Staff Transfer > Receiving - Unassigned Records : 0
End Processing Update Assignee Shell of Institutions > Staff Transfer > Receiving
Initialize Update Assignee Shell of Institutions > Staff Transfer > Sending
Institutions > Staff Transfer > Sending - Unassigned Records : 0
End Processing Update Assignee Shell of Institutions > Staff Transfer > Sending
Initialize Update Assignee Shell of Institutions > Students > Student Withdraw
Institutions > Students > Student Withdraw - Unassigned Records : 0
End Processing Update Assignee Shell of Institutions > Students > Student Withdraw
Initialize Update Assignee Shell of Institutions > Students > Student Admission
Institutions > Students > Student Admission - Unassigned Records : 0
End Processing Update Assignee Shell of Institutions > Students > Student Admission
Initialize Update Assignee Shell of Institutions > Student Transfer > Receiving
Institutions > Student Transfer > Receiving - Unassigned Records : 0
End Processing Update Assignee Shell of Institutions > Student Transfer > Receiving
Initialize Update Assignee Shell of Institutions > Student Transfer > Sending
Institutions > Student Transfer > Sending - Unassigned Records : 0
End Processing Update Assignee Shell of Institutions > Student Transfer > Sending
Initialize Update Assignee Shell of Staff > Career > Appraisals
Staff > Career > Appraisals - Unassigned Records : 0
End Processing Update Assignee Shell of Staff > Career > Appraisals
Initialize Update Assignee Shell of Administration > Scholarships > Applications
Administration > Scholarships > Applications - Unassigned Records : 0
End Processing Update Assignee Shell of Administration > Scholarships > Applications

Welcome to CakePHP v3.3.16 Console
---------------------------------------------------------------
App : src
Path: /var/www/myapp/src/
PHP : 7.1.26-1+ubuntu16.04.1+deb.sury.org+1
---------------------------------------------------------------
Initialize Update Assignee Shell of Staff > Career > Leave
Staff > Career > Leave - Unassigned Records : 0
End Processing Update Assignee Shell of Staff > Career > Leave
Update Assignee Shell Exception : 
Behavior class SurveyBehavior could not be found.
Initialize Update Assignee Shell of Administration > Training > Courses
Update Assignee Shell Exception : 
TrainingCourses is not associated with Assignees
Initialize Update Assignee Shell of Administration > Training > Sessions
Update Assignee Shell Exception : 
TrainingSessions is not associated with Assignees
Initialize Update Assignee Shell of Administration > Training > Results
Update Assignee Shell Exception : 
TrainingSessionResults is not associated with Assignees
Initialize Update Assignee Shell of Staff > Training > Needs
Staff > Training > Needs - Unassigned Records : 0
End Processing Update Assignee Shell of Staff > Training > Needs
Initialize Update Assignee Shell of Institutions > Positions
Institutions > Positions - Unassigned Records : 0
End Processing Update Assignee Shell of Institutions > Positions
Initialize Update Assignee Shell of Institutions > Staff > Change in Assignment
Institutions > Staff > Change in Assignment - Unassigned Records : 0
End Processing Update Assignee Shell of Institutions > Staff > Change in Assignment
Initialize Update Assignee Shell of Institutions > Visits > Requests
Update Assignee Shell Exception : 
SQLSTATE[42S02]: Base table or view not found: 1146 Table 'openemis.visit_requests' doesn't exist
Initialize Update Assignee Shell of Administration > Training > Applications
Update Assignee Shell Exception : 
SQLSTATE[42S02]: Base table or view not found: 1146 Table 'openemis.training_applications' doesn't exist
Initialize Update Assignee Shell of Staff > Professional Development > Licenses
Staff > Professional Development > Licenses - Unassigned Records : 0
End Processing Update Assignee Shell of Staff > Professional Development > Licenses
Initialize Update Assignee Shell of Institutions > Cases
Update Assignee Shell Exception : 
InstitutionCases is not associated with Assignees
Initialize Update Assignee Shell of Institutions > Staff Transfer > Receiving
Institutions > Staff Transfer > Receiving - Unassigned Records : 0
End Processing Update Assignee Shell of Institutions > Staff Transfer > Receiving
Initialize Update Assignee Shell of Institutions > Staff Transfer > Sending
Institutions > Staff Transfer > Sending - Unassigned Records : 0
End Processing Update Assignee Shell of Institutions > Staff Transfer > Sending
Initialize Update Assignee Shell of Institutions > Students > Student Withdraw
Institutions > Students > Student Withdraw - Unassigned Records : 0
End Processing Update Assignee Shell of Institutions > Students > Student Withdraw
Initialize Update Assignee Shell of Institutions > Students > Student Admission
Institutions > Students > Student Admission - Unassigned Records : 0
End Processing Update Assignee Shell of Institutions > Students > Student Admission
Initialize Update Assignee Shell of Institutions > Student Transfer > Receiving
Institutions > Student Transfer > Receiving - Unassigned Records : 0
End Processing Update Assignee Shell of Institutions > Student Transfer > Receiving
Initialize Update Assignee Shell of Institutions > Student Transfer > Sending
Institutions > Student Transfer > Sending - Unassigned Records : 0
End Processing Update Assignee Shell of Institutions > Student Transfer > Sending
Initialize Update Assignee Shell of Staff > Career > Appraisals
Staff > Career > Appraisals - Unassigned Records : 0
End Processing Update Assignee Shell of Staff > Career > Appraisals
Initialize Update Assignee Shell of Administration > Scholarships > Applications
Administration > Scholarships > Applications - Unassigned Records : 0
End Processing Update Assignee Shell of Administration > Scholarships > Applications

Welcome to CakePHP v3.3.16 Console
---------------------------------------------------------------
App : src
Path: /var/www/myapp/src/
PHP : 7.1.26-1+ubuntu16.04.1+deb.sury.org+1
---------------------------------------------------------------

Welcome to CakePHP v3.3.16 Console
---------------------------------------------------------------
App : src
Path: /var/www/myapp/src/
PHP : 7.1.26-1+ubuntu16.04.1+deb.sury.org+1
---------------------------------------------------------------
Initialize Update Assignee Shell of Staff > Career > Leave
Staff > Career > Leave - Unassigned Records : 0
End Processing Update Assignee Shell of Staff > Career > Leave
Update Assignee Shell Exception : 
Behavior class SurveyBehavior could not be found.
Initialize Update Assignee Shell of Administration > Training > Courses
Update Assignee Shell Exception : 
TrainingCourses is not associated with Assignees
Initialize Update Assignee Shell of Administration > Training > Sessions
Update Assignee Shell Exception : 
TrainingSessions is not associated with Assignees
Initialize Update Assignee Shell of Administration > Training > Results
Update Assignee Shell Exception : 
TrainingSessionResults is not associated with Assignees
Initialize Update Assignee Shell of Staff > Career > Leave
Initialize Update Assignee Shell of Staff > Training > Needs
Staff > Training > Needs - Unassigned Records : 0
End Processing Update Assignee Shell of Staff > Training > Needs
Staff > Career > Leave - Unassigned Records : 0
End Processing Update Assignee Shell of Staff > Career > Leave
Update Assignee Shell Exception : 
Behavior class SurveyBehavior could not be found.
Initialize Update Assignee Shell of Administration > Training > Courses
Update Assignee Shell Exception : 
TrainingCourses is not associated with Assignees
Initialize Update Assignee Shell of Administration > Training > Sessions
Update Assignee Shell Exception : 
TrainingSessions is not associated with Assignees
Initialize Update Assignee Shell of Administration > Training > Results
Update Assignee Shell Exception : 
TrainingSessionResults is not associated with Assignees
Initialize Update Assignee Shell of Staff > Training > Needs
Initialize Update Assignee Shell of Institutions > Positions
Staff > Training > Needs - Unassigned Records : 0
End Processing Update Assignee Shell of Staff > Training > Needs
Institutions > Positions - Unassigned Records : 0
End Processing Update Assignee Shell of Institutions > Positions
Initialize Update Assignee Shell of Institutions > Positions
Initialize Update Assignee Shell of Institutions > Staff > Change in Assignment
Institutions > Positions - Unassigned Records : 0
End Processing Update Assignee Shell of Institutions > Positions
Institutions > Staff > Change in Assignment - Unassigned Records : 0
End Processing Update Assignee Shell of Institutions > Staff > Change in Assignment
Initialize Update Assignee Shell of Institutions > Visits > Requests
Update Assignee Shell Exception : 
SQLSTATE[42S02]: Base table or view not found: 1146 Table 'openemis.visit_requests' doesn't exist
Initialize Update Assignee Shell of Administration > Training > Applications
Update Assignee Shell Exception : 
SQLSTATE[42S02]: Base table or view not found: 1146 Table 'openemis.training_applications' doesn't exist
Initialize Update Assignee Shell of Institutions > Staff > Change in Assignment
Initialize Update Assignee Shell of Staff > Professional Development > Licenses
Institutions > Staff > Change in Assignment - Unassigned Records : 0
Staff > Professional Development > Licenses - Unassigned Records : 0
End Processing Update Assignee Shell of Institutions > Staff > Change in Assignment
End Processing Update Assignee Shell of Staff > Professional Development > Licenses
Initialize Update Assignee Shell of Institutions > Cases
Initialize Update Assignee Shell of Institutions > Visits > Requests
Update Assignee Shell Exception : 
SQLSTATE[42S02]: Base table or view not found: 1146 Table 'openemis.visit_requests' doesn't exist
Initialize Update Assignee Shell of Administration > Training > Applications
Update Assignee Shell Exception : 
SQLSTATE[42S02]: Base table or view not found: 1146 Table 'openemis.training_applications' doesn't exist
Update Assignee Shell Exception : 
InstitutionCases is not associated with Assignees
Initialize Update Assignee Shell of Staff > Professional Development > Licenses
Initialize Update Assignee Shell of Institutions > Staff Transfer > Receiving
Staff > Professional Development > Licenses - Unassigned Records : 0
End Processing Update Assignee Shell of Staff > Professional Development > Licenses
Initialize Update Assignee Shell of Institutions > Cases
Institutions > Staff Transfer > Receiving - Unassigned Records : 0
End Processing Update Assignee Shell of Institutions > Staff Transfer > Receiving
Initialize Update Assignee Shell of Institutions > Staff Transfer > Sending
Institutions > Staff Transfer > Sending - Unassigned Records : 0
End Processing Update Assignee Shell of Institutions > Staff Transfer > Sending
Initialize Update Assignee Shell of Institutions > Students > Student Withdraw
Institutions > Students > Student Withdraw - Unassigned Records : 0
End Processing Update Assignee Shell of Institutions > Students > Student Withdraw
Update Assignee Shell Exception : 
InstitutionCases is not associated with Assignees
Initialize Update Assignee Shell of Institutions > Students > Student Admission
Initialize Update Assignee Shell of Institutions > Staff Transfer > Receiving
Institutions > Students > Student Admission - Unassigned Records : 0
End Processing Update Assignee Shell of Institutions > Students > Student Admission
Institutions > Staff Transfer > Receiving - Unassigned Records : 0
End Processing Update Assignee Shell of Institutions > Staff Transfer > Receiving
Initialize Update Assignee Shell of Institutions > Student Transfer > Receiving
Initialize Update Assignee Shell of Institutions > Staff Transfer > Sending
Institutions > Student Transfer > Receiving - Unassigned Records : 0
End Processing Update Assignee Shell of Institutions > Student Transfer > Receiving
Institutions > Staff Transfer > Sending - Unassigned Records : 0
End Processing Update Assignee Shell of Institutions > Staff Transfer > Sending
Initialize Update Assignee Shell of Institutions > Student Transfer > Sending
Initialize Update Assignee Shell of Institutions > Students > Student Withdraw
Institutions > Students > Student Withdraw - Unassigned Records : 0
End Processing Update Assignee Shell of Institutions > Students > Student Withdraw
Institutions > Student Transfer > Sending - Unassigned Records : 0
End Processing Update Assignee Shell of Institutions > Student Transfer > Sending
Initialize Update Assignee Shell of Institutions > Students > Student Admission
Initialize Update Assignee Shell of Staff > Career > Appraisals
Institutions > Students > Student Admission - Unassigned Records : 0
End Processing Update Assignee Shell of Institutions > Students > Student Admission
Staff > Career > Appraisals - Unassigned Records : 0
End Processing Update Assignee Shell of Staff > Career > Appraisals
Initialize Update Assignee Shell of Institutions > Student Transfer > Receiving
Institutions > Student Transfer > Receiving - Unassigned Records : 0
End Processing Update Assignee Shell of Institutions > Student Transfer > Receiving
Initialize Update Assignee Shell of Institutions > Student Transfer > Sending
Institutions > Student Transfer > Sending - Unassigned Records : 0
End Processing Update Assignee Shell of Institutions > Student Transfer > Sending
Initialize Update Assignee Shell of Administration > Scholarships > Applications
Administration > Scholarships > Applications - Unassigned Records : 0
End Processing Update Assignee Shell of Administration > Scholarships > Applications
Initialize Update Assignee Shell of Staff > Career > Appraisals
Staff > Career > Appraisals - Unassigned Records : 0
End Processing Update Assignee Shell of Staff > Career > Appraisals
Initialize Update Assignee Shell of Administration > Scholarships > Applications
Administration > Scholarships > Applications - Unassigned Records : 0
End Processing Update Assignee Shell of Administration > Scholarships > Applications

Welcome to CakePHP v3.3.16 Console
---------------------------------------------------------------
App : src
Path: /var/www/myapp/src/
PHP : 7.1.26-1+ubuntu16.04.1+deb.sury.org+1
---------------------------------------------------------------
Initialize Update Assignee Shell of Staff > Career > Leave
Staff > Career > Leave - Unassigned Records : 0
End Processing Update Assignee Shell of Staff > Career > Leave
Update Assignee Shell Exception : 
Behavior class SurveyBehavior could not be found.
Initialize Update Assignee Shell of Administration > Training > Courses
Update Assignee Shell Exception : 
TrainingCourses is not associated with Assignees
Initialize Update Assignee Shell of Administration > Training > Sessions
Update Assignee Shell Exception : 
TrainingSessions is not associated with Assignees
Initialize Update Assignee Shell of Administration > Training > Results
Update Assignee Shell Exception : 
TrainingSessionResults is not associated with Assignees
Initialize Update Assignee Shell of Staff > Training > Needs
Staff > Training > Needs - Unassigned Records : 0
End Processing Update Assignee Shell of Staff > Training > Needs
Initialize Update Assignee Shell of Institutions > Positions

Institutions > Positions - Unassigned Records : 0
End Processing Update Assignee Shell of Institutions > Positions
Welcome to CakePHP v3.3.16 Console
---------------------------------------------------------------
App : src
Path: /var/www/myapp/src/
PHP : 7.1.26-1+ubuntu16.04.1+deb.sury.org+1
---------------------------------------------------------------
Initialize Update Assignee Shell of Institutions > Staff > Change in Assignment
Institutions > Staff > Change in Assignment - Unassigned Records : 0
End Processing Update Assignee Shell of Institutions > Staff > Change in Assignment
Initialize Update Assignee Shell of Institutions > Visits > Requests
Update Assignee Shell Exception : 
SQLSTATE[42S02]: Base table or view not found: 1146 Table 'openemis.visit_requests' doesn't exist
Initialize Update Assignee Shell of Administration > Training > Applications
Update Assignee Shell Exception : 
SQLSTATE[42S02]: Base table or view not found: 1146 Table 'openemis.training_applications' doesn't exist
Initialize Update Assignee Shell of Staff > Professional Development > Licenses
Staff > Professional Development > Licenses - Unassigned Records : 0
End Processing Update Assignee Shell of Staff > Professional Development > Licenses
Initialize Update Assignee Shell of Institutions > Cases
Initialize Update Assignee Shell of Staff > Career > Leave
Staff > Career > Leave - Unassigned Records : 0
End Processing Update Assignee Shell of Staff > Career > Leave
Update Assignee Shell Exception : 
Behavior class SurveyBehavior could not be found.
Initialize Update Assignee Shell of Administration > Training > Courses
Update Assignee Shell Exception : 
TrainingCourses is not associated with Assignees
Initialize Update Assignee Shell of Administration > Training > Sessions
Update Assignee Shell Exception : 
TrainingSessions is not associated with Assignees
Initialize Update Assignee Shell of Administration > Training > Results
Update Assignee Shell Exception : 
TrainingSessionResults is not associated with Assignees
Update Assignee Shell Exception : 
InstitutionCases is not associated with Assignees
Initialize Update Assignee Shell of Staff > Training > Needs
Staff > Training > Needs - Unassigned Records : 0
End Processing Update Assignee Shell of Staff > Training > Needs
Initialize Update Assignee Shell of Institutions > Staff Transfer > Receiving
Institutions > Staff Transfer > Receiving - Unassigned Records : 0
End Processing Update Assignee Shell of Institutions > Staff Transfer > Receiving
Initialize Update Assignee Shell of Institutions > Positions
Initialize Update Assignee Shell of Institutions > Staff Transfer > Sending
Institutions > Positions - Unassigned Records : 0
End Processing Update Assignee Shell of Institutions > Positions
Institutions > Staff Transfer > Sending - Unassigned Records : 0
End Processing Update Assignee Shell of Institutions > Staff Transfer > Sending
Initialize Update Assignee Shell of Institutions > Staff > Change in Assignment
Initialize Update Assignee Shell of Institutions > Students > Student Withdraw
Institutions > Students > Student Withdraw - Unassigned Records : 0
End Processing Update Assignee Shell of Institutions > Students > Student Withdraw
Institutions > Staff > Change in Assignment - Unassigned Records : 0
End Processing Update Assignee Shell of Institutions > Staff > Change in Assignment
Initialize Update Assignee Shell of Institutions > Visits > Requests
Update Assignee Shell Exception : 
SQLSTATE[42S02]: Base table or view not found: 1146 Table 'openemis.visit_requests' doesn't exist
Initialize Update Assignee Shell of Administration > Training > Applications
Update Assignee Shell Exception : 
SQLSTATE[42S02]: Base table or view not found: 1146 Table 'openemis.training_applications' doesn't exist
Initialize Update Assignee Shell of Staff > Professional Development > Licenses
Initialize Update Assignee Shell of Institutions > Students > Student Admission
Staff > Professional Development > Licenses - Unassigned Records : 0
End Processing Update Assignee Shell of Staff > Professional Development > Licenses
Initialize Update Assignee Shell of Institutions > Cases
Institutions > Students > Student Admission - Unassigned Records : 0
End Processing Update Assignee Shell of Institutions > Students > Student Admission
Update Assignee Shell Exception : 
InstitutionCases is not associated with Assignees
Initialize Update Assignee Shell of Institutions > Staff Transfer > Receiving
Initialize Update Assignee Shell of Institutions > Student Transfer > Receiving
Institutions > Staff Transfer > Receiving - Unassigned Records : 0
End Processing Update Assignee Shell of Institutions > Staff Transfer > Receiving
Institutions > Student Transfer > Receiving - Unassigned Records : 0
End Processing Update Assignee Shell of Institutions > Student Transfer > Receiving
Initialize Update Assignee Shell of Institutions > Staff Transfer > Sending
Initialize Update Assignee Shell of Institutions > Student Transfer > Sending
Institutions > Staff Transfer > Sending - Unassigned Records : 0
End Processing Update Assignee Shell of Institutions > Staff Transfer > Sending
Institutions > Student Transfer > Sending - Unassigned Records : 0
End Processing Update Assignee Shell of Institutions > Student Transfer > Sending
Initialize Update Assignee Shell of Institutions > Students > Student Withdraw
Institutions > Students > Student Withdraw - Unassigned Records : 0
End Processing Update Assignee Shell of Institutions > Students > Student Withdraw
Initialize Update Assignee Shell of Institutions > Students > Student Admission
Institutions > Students > Student Admission - Unassigned Records : 0
End Processing Update Assignee Shell of Institutions > Students > Student Admission
Initialize Update Assignee Shell of Institutions > Student Transfer > Receiving
Institutions > Student Transfer > Receiving - Unassigned Records : 0
End Processing Update Assignee Shell of Institutions > Student Transfer > Receiving
Initialize Update Assignee Shell of Institutions > Student Transfer > Sending
Institutions > Student Transfer > Sending - Unassigned Records : 0
End Processing Update Assignee Shell of Institutions > Student Transfer > Sending
Initialize Update Assignee Shell of Staff > Career > Appraisals
Staff > Career > Appraisals - Unassigned Records : 0
End Processing Update Assignee Shell of Staff > Career > Appraisals
Initialize Update Assignee Shell of Administration > Scholarships > Applications
Administration > Scholarships > Applications - Unassigned Records : 0
End Processing Update Assignee Shell of Administration > Scholarships > Applications
Initialize Update Assignee Shell of Staff > Career > Appraisals
Staff > Career > Appraisals - Unassigned Records : 0
End Processing Update Assignee Shell of Staff > Career > Appraisals
Initialize Update Assignee Shell of Administration > Scholarships > Applications
Administration > Scholarships > Applications - Unassigned Records : 0
End Processing Update Assignee Shell of Administration > Scholarships > Applications

Welcome to CakePHP v3.3.16 Console
---------------------------------------------------------------
App : src
Path: /var/www/myapp/src/
PHP : 7.1.26-1+ubuntu16.04.1+deb.sury.org+1
---------------------------------------------------------------
Initialize Update Assignee Shell of Staff > Career > Leave
Staff > Career > Leave - Unassigned Records : 0
End Processing Update Assignee Shell of Staff > Career > Leave
Update Assignee Shell Exception : 
Behavior class SurveyBehavior could not be found.
Initialize Update Assignee Shell of Administration > Training > Courses
Update Assignee Shell Exception : 
TrainingCourses is not associated with Assignees
Initialize Update Assignee Shell of Administration > Training > Sessions
Update Assignee Shell Exception : 
TrainingSessions is not associated with Assignees
Initialize Update Assignee Shell of Administration > Training > Results
Update Assignee Shell Exception : 
TrainingSessionResults is not associated with Assignees
Initialize Update Assignee Shell of Staff > Training > Needs
Staff > Training > Needs - Unassigned Records : 0
End Processing Update Assignee Shell of Staff > Training > Needs
Initialize Update Assignee Shell of Institutions > Positions
Institutions > Positions - Unassigned Records : 0
End Processing Update Assignee Shell of Institutions > Positions
Initialize Update Assignee Shell of Institutions > Staff > Change in Assignment
Institutions > Staff > Change in Assignment - Unassigned Records : 1
Institutions > Staff > Change in Assignment : Affected Record Id: 1; Set to unassigned.
Update Assignee Shell Exception : 
Table "Institution\Model\Table\StaffPositionProfilesTable" is not associated with "request"
Initialize Update Assignee Shell of Institutions > Visits > Requests
Update Assignee Shell Exception : 
SQLSTATE[42S02]: Base table or view not found: 1146 Table 'openemis.visit_requests' doesn't exist
Initialize Update Assignee Shell of Administration > Training > Applications
Update Assignee Shell Exception : 
SQLSTATE[42S02]: Base table or view not found: 1146 Table 'openemis.training_applications' doesn't exist
Initialize Update Assignee Shell of Staff > Professional Development > Licenses
Staff > Professional Development > Licenses - Unassigned Records : 0
End Processing Update Assignee Shell of Staff > Professional Development > Licenses
Initialize Update Assignee Shell of Institutions > Cases
Update Assignee Shell Exception : 
InstitutionCases is not associated with Assignees
Initialize Update Assignee Shell of Institutions > Staff Transfer > Receiving
Institutions > Staff Transfer > Receiving - Unassigned Records : 0
End Processing Update Assignee Shell of Institutions > Staff Transfer > Receiving
Initialize Update Assignee Shell of Institutions > Staff Transfer > Sending
Institutions > Staff Transfer > Sending - Unassigned Records : 0
End Processing Update Assignee Shell of Institutions > Staff Transfer > Sending
Initialize Update Assignee Shell of Institutions > Students > Student Withdraw
Institutions > Students > Student Withdraw - Unassigned Records : 0
End Processing Update Assignee Shell of Institutions > Students > Student Withdraw
Initialize Update Assignee Shell of Institutions > Students > Student Admission
Institutions > Students > Student Admission - Unassigned Records : 0
End Processing Update Assignee Shell of Institutions > Students > Student Admission
Initialize Update Assignee Shell of Institutions > Student Transfer > Receiving
Institutions > Student Transfer > Receiving - Unassigned Records : 0
End Processing Update Assignee Shell of Institutions > Student Transfer > Receiving
Initialize Update Assignee Shell of Institutions > Student Transfer > Sending
Institutions > Student Transfer > Sending - Unassigned Records : 0
End Processing Update Assignee Shell of Institutions > Student Transfer > Sending
Initialize Update Assignee Shell of Staff > Career > Appraisals
Staff > Career > Appraisals - Unassigned Records : 0
End Processing Update Assignee Shell of Staff > Career > Appraisals
Initialize Update Assignee Shell of Administration > Scholarships > Applications
Administration > Scholarships > Applications - Unassigned Records : 0
End Processing Update Assignee Shell of Administration > Scholarships > Applications

Welcome to CakePHP v3.3.16 Console
---------------------------------------------------------------
App : src
Path: /var/www/myapp/src/
PHP : 7.1.26-1+ubuntu16.04.1+deb.sury.org+1
---------------------------------------------------------------
Initialize Update Assignee Shell of Institutions > Students > Student Admission
Institutions > Students > Student Admission - Unassigned Records : 0
End Processing Update Assignee Shell of Institutions > Students > Student Admission

Welcome to CakePHP v3.3.16 Console
---------------------------------------------------------------
App : src
Path: /var/www/myapp/src/
PHP : 7.1.26-1+ubuntu16.04.1+deb.sury.org+1
---------------------------------------------------------------

Welcome to CakePHP v3.3.16 Console
---------------------------------------------------------------
App : src
Path: /var/www/myapp/src/
PHP : 7.1.26-1+ubuntu16.04.1+deb.sury.org+1
---------------------------------------------------------------
Initialize Update Assignee Shell of Staff > Career > Leave

Welcome to CakePHP v3.3.16 Console
---------------------------------------------------------------
App : src
Path: /var/www/myapp/src/
PHP : 7.1.26-1+ubuntu16.04.1+deb.sury.org+1
---------------------------------------------------------------
Staff > Career > Leave - Unassigned Records : 0
End Processing Update Assignee Shell of Staff > Career > Leave
Initialize Update Assignee Shell of Institutions > Survey > Forms

Welcome to CakePHP v3.3.16 Console
---------------------------------------------------------------
App : src
Path: /var/www/myapp/src/
PHP : 7.1.26-1+ubuntu16.04.1+deb.sury.org+1
---------------------------------------------------------------
Institutions > Survey > Forms - Unassigned Records : 0
End Processing Update Assignee Shell of Institutions > Survey > Forms
Initialize Update Assignee Shell of Administration > Training > Courses
Update Assignee Shell Exception : 
TrainingCourses is not associated with Assignees
Initialize Update Assignee Shell of Administration > Training > Sessions
Update Assignee Shell Exception : 
TrainingSessions is not associated with Assignees
Initialize Update Assignee Shell of Administration > Training > Results
Update Assignee Shell Exception : 
TrainingSessionResults is not associated with Assignees
Initialize Update Assignee Shell of Staff > Training > Needs
Staff > Training > Needs - Unassigned Records : 0
End Processing Update Assignee Shell of Staff > Training > Needs
Initialize Update Assignee Shell of Staff > Career > Leave
Staff > Career > Leave - Unassigned Records : 0
End Processing Update Assignee Shell of Staff > Career > Leave
Initialize Update Assignee Shell of Institutions > Survey > Forms
Institutions > Survey > Forms - Unassigned Records : 0
End Processing Update Assignee Shell of Institutions > Survey > Forms
Initialize Update Assignee Shell of Administration > Training > Courses
Update Assignee Shell Exception : 
TrainingCourses is not associated with Assignees
Initialize Update Assignee Shell of Administration > Training > Sessions
Update Assignee Shell Exception : 
TrainingSessions is not associated with Assignees
Initialize Update Assignee Shell of Administration > Training > Results
Update Assignee Shell Exception : 
TrainingSessionResults is not associated with Assignees
Initialize Update Assignee Shell of Staff > Training > Needs
Initialize Update Assignee Shell of Institutions > Positions
Institutions > Positions - Unassigned Records : 0
End Processing Update Assignee Shell of Institutions > Positions
Initialize Update Assignee Shell of Institutions > Staff > Change in Assignment
Staff > Training > Needs - Unassigned Records : 0
End Processing Update Assignee Shell of Staff > Training > Needs
Institutions > Staff > Change in Assignment - Unassigned Records : 0
End Processing Update Assignee Shell of Institutions > Staff > Change in Assignment
Initialize Update Assignee Shell of Institutions > Visits > Requests
Update Assignee Shell Exception : 
SQLSTATE[42S02]: Base table or view not found: 1146 Table 'openemis.visit_requests' doesn't exist
Initialize Update Assignee Shell of Administration > Training > Applications
Initialize Update Assignee Shell of Institutions > Positions
Update Assignee Shell Exception : 
SQLSTATE[42S02]: Base table or view not found: 1146 Table 'openemis.training_applications' doesn't exist
Initialize Update Assignee Shell of Staff > Professional Development > Licenses
Institutions > Positions - Unassigned Records : 0
End Processing Update Assignee Shell of Institutions > Positions
Staff > Professional Development > Licenses - Unassigned Records : 0
End Processing Update Assignee Shell of Staff > Professional Development > Licenses
Initialize Update Assignee Shell of Institutions > Cases
Update Assignee Shell Exception : 
InstitutionCases is not associated with Assignees
Initialize Update Assignee Shell of Institutions > Staff > Change in Assignment
Institutions > Staff > Change in Assignment - Unassigned Records : 1
Institutions > Staff > Change in Assignment : Affected Record Id: 1; Set to unassigned.
Update Assignee Shell Exception : 
Table "Institution\Model\Table\StaffPositionProfilesTable" is not associated with "request"
Initialize Update Assignee Shell of Institutions > Visits > Requests
Update Assignee Shell Exception : 
SQLSTATE[42S02]: Base table or view not found: 1146 Table 'openemis.visit_requests' doesn't exist
Initialize Update Assignee Shell of Administration > Training > Applications
Update Assignee Shell Exception : 
SQLSTATE[42S02]: Base table or view not found: 1146 Table 'openemis.training_applications' doesn't exist
Initialize Update Assignee Shell of Staff > Career > Leave
Initialize Update Assignee Shell of Institutions > Staff Transfer > Receiving
Institutions > Staff Transfer > Receiving - Unassigned Records : 0
End Processing Update Assignee Shell of Institutions > Staff Transfer > Receiving
Initialize Update Assignee Shell of Institutions > Staff Transfer > Sending
Institutions > Staff Transfer > Sending - Unassigned Records : 0
End Processing Update Assignee Shell of Institutions > Staff Transfer > Sending
Initialize Update Assignee Shell of Institutions > Students > Student Withdraw
Institutions > Students > Student Withdraw - Unassigned Records : 0
End Processing Update Assignee Shell of Institutions > Students > Student Withdraw
Initialize Update Assignee Shell of Institutions > Students > Student Admission
Institutions > Students > Student Admission - Unassigned Records : 0
End Processing Update Assignee Shell of Institutions > Students > Student Admission
Staff > Career > Leave - Unassigned Records : 0
End Processing Update Assignee Shell of Staff > Career > Leave
Initialize Update Assignee Shell of Institutions > Survey > Forms
Initialize Update Assignee Shell of Staff > Professional Development > Licenses
Institutions > Survey > Forms - Unassigned Records : 0
End Processing Update Assignee Shell of Institutions > Survey > Forms
Initialize Update Assignee Shell of Administration > Training > Courses
Update Assignee Shell Exception : 
Staff > Professional Development > Licenses - Unassigned Records : 0
TrainingCourses is not associated with Assignees
End Processing Update Assignee Shell of Staff > Professional Development > Licenses
Initialize Update Assignee Shell of Institutions > Cases
Initialize Update Assignee Shell of Administration > Training > Sessions
Update Assignee Shell Exception : 
TrainingSessions is not associated with Assignees
Initialize Update Assignee Shell of Administration > Training > Results
Update Assignee Shell Exception : 
TrainingSessionResults is not associated with Assignees
Update Assignee Shell Exception : 
InstitutionCases is not associated with Assignees
Initialize Update Assignee Shell of Staff > Training > Needs
Initialize Update Assignee Shell of Institutions > Staff Transfer > Receiving
Institutions > Staff Transfer > Receiving - Unassigned Records : 0
End Processing Update Assignee Shell of Institutions > Staff Transfer > Receiving
Initialize Update Assignee Shell of Institutions > Staff Transfer > Sending
Institutions > Staff Transfer > Sending - Unassigned Records : 0
End Processing Update Assignee Shell of Institutions > Staff Transfer > Sending
Initialize Update Assignee Shell of Staff > Career > Leave
Initialize Update Assignee Shell of Institutions > Student Transfer > Receiving
Institutions > Student Transfer > Receiving - Unassigned Records : 0
End Processing Update Assignee Shell of Institutions > Student Transfer > Receiving
Staff > Career > Leave - Unassigned Records : 0
End Processing Update Assignee Shell of Staff > Career > Leave
Initialize Update Assignee Shell of Institutions > Student Transfer > Sending
Institutions > Student Transfer > Sending - Unassigned Records : 0
End Processing Update Assignee Shell of Institutions > Student Transfer > Sending
Staff > Training > Needs - Unassigned Records : 0
End Processing Update Assignee Shell of Staff > Training > Needs
Initialize Update Assignee Shell of Institutions > Survey > Forms
Initialize Update Assignee Shell of Staff > Career > Appraisals
Staff > Career > Appraisals - Unassigned Records : 0
Initialize Update Assignee Shell of Institutions > Positions
End Processing Update Assignee Shell of Staff > Career > Appraisals
Institutions > Survey > Forms - Unassigned Records : 0
End Processing Update Assignee Shell of Institutions > Survey > Forms
Initialize Update Assignee Shell of Administration > Training > Courses
Update Assignee Shell Exception : 
TrainingCourses is not associated with Assignees
Initialize Update Assignee Shell of Administration > Training > Sessions
Update Assignee Shell Exception : 
TrainingSessions is not associated with Assignees
Initialize Update Assignee Shell of Administration > Training > Results
Update Assignee Shell Exception : 
TrainingSessionResults is not associated with Assignees
Institutions > Positions - Unassigned Records : 0
Initialize Update Assignee Shell of Staff > Training > Needs
End Processing Update Assignee Shell of Institutions > Positions
Initialize Update Assignee Shell of Administration > Scholarships > Applications
Initialize Update Assignee Shell of Institutions > Staff > Change in Assignment
Institutions > Staff > Change in Assignment - Unassigned Records : 1
Administration > Scholarships > Applications - Unassigned Records : 0
End Processing Update Assignee Shell of Administration > Scholarships > Applications
Institutions > Staff > Change in Assignment : Affected Record Id: 1; Set to unassigned.
Update Assignee Shell Exception : 
Table "Institution\Model\Table\StaffPositionProfilesTable" is not associated with "request"
Initialize Update Assignee Shell of Institutions > Visits > Requests
Update Assignee Shell Exception : 
SQLSTATE[42S02]: Base table or view not found: 1146 Table 'openemis.visit_requests' doesn't exist
Initialize Update Assignee Shell of Administration > Training > Applications
Initialize Update Assignee Shell of Institutions > Students > Student Withdraw
Update Assignee Shell Exception : 
SQLSTATE[42S02]: Base table or view not found: 1146 Table 'openemis.training_applications' doesn't exist
Institutions > Students > Student Withdraw - Unassigned Records : 0
End Processing Update Assignee Shell of Institutions > Students > Student Withdraw
Initialize Update Assignee Shell of Staff > Professional Development > Licenses
Initialize Update Assignee Shell of Institutions > Students > Student Admission
Staff > Professional Development > Licenses - Unassigned Records : 0
End Processing Update Assignee Shell of Staff > Professional Development > Licenses
Initialize Update Assignee Shell of Institutions > Cases
Institutions > Students > Student Admission - Unassigned Records : 0
End Processing Update Assignee Shell of Institutions > Students > Student Admission
Update Assignee Shell Exception : 
InstitutionCases is not associated with Assignees
Initialize Update Assignee Shell of Institutions > Student Transfer > Receiving
Initialize Update Assignee Shell of Institutions > Staff Transfer > Receiving
Staff > Training > Needs - Unassigned Records : 0
End Processing Update Assignee Shell of Staff > Training > Needs
Institutions > Student Transfer > Receiving - Unassigned Records : 0
End Processing Update Assignee Shell of Institutions > Student Transfer > Receiving
Institutions > Staff Transfer > Receiving - Unassigned Records : 0
End Processing Update Assignee Shell of Institutions > Staff Transfer > Receiving
Initialize Update Assignee Shell of Institutions > Positions
Initialize Update Assignee Shell of Institutions > Student Transfer > Sending
Initialize Update Assignee Shell of Institutions > Staff Transfer > Sending
Institutions > Student Transfer > Sending - Unassigned Records : 0
End Processing Update Assignee Shell of Institutions > Student Transfer > Sending
Institutions > Positions - Unassigned Records : 0
End Processing Update Assignee Shell of Institutions > Positions
Initialize Update Assignee Shell of Staff > Career > Appraisals
Institutions > Staff Transfer > Sending - Unassigned Records : 0
End Processing Update Assignee Shell of Institutions > Staff Transfer > Sending
Staff > Career > Appraisals - Unassigned Records : 0
End Processing Update Assignee Shell of Staff > Career > Appraisals
Initialize Update Assignee Shell of Institutions > Students > Student Withdraw
Initialize Update Assignee Shell of Institutions > Staff > Change in Assignment
Institutions > Students > Student Withdraw - Unassigned Records : 0
End Processing Update Assignee Shell of Institutions > Students > Student Withdraw
Institutions > Staff > Change in Assignment - Unassigned Records : 1
Initialize Update Assignee Shell of Institutions > Students > Student Admission
Institutions > Staff > Change in Assignment : Affected Record Id: 1; Set to unassigned.
Update Assignee Shell Exception : 
Table "Institution\Model\Table\StaffPositionProfilesTable" is not associated with "request"
Initialize Update Assignee Shell of Institutions > Visits > Requests
Institutions > Students > Student Admission - Unassigned Records : 0
End Processing Update Assignee Shell of Institutions > Students > Student Admission
Update Assignee Shell Exception : 
SQLSTATE[42S02]: Base table or view not found: 1146 Table 'openemis.visit_requests' doesn't exist
Initialize Update Assignee Shell of Administration > Training > Applications
Initialize Update Assignee Shell of Administration > Scholarships > Applications
Update Assignee Shell Exception : 
SQLSTATE[42S02]: Base table or view not found: 1146 Table 'openemis.training_applications' doesn't exist
Administration > Scholarships > Applications - Unassigned Records : 0
End Processing Update Assignee Shell of Administration > Scholarships > Applications
Initialize Update Assignee Shell of Institutions > Student Transfer > Receiving
Initialize Update Assignee Shell of Staff > Professional Development > Licenses
Staff > Professional Development > Licenses - Unassigned Records : 0
Institutions > Student Transfer > Receiving - Unassigned Records : 0
End Processing Update Assignee Shell of Institutions > Student Transfer > Receiving
End Processing Update Assignee Shell of Staff > Professional Development > Licenses
Initialize Update Assignee Shell of Institutions > Cases
Update Assignee Shell Exception : 
InstitutionCases is not associated with Assignees
Initialize Update Assignee Shell of Institutions > Student Transfer > Sending
Initialize Update Assignee Shell of Institutions > Staff Transfer > Receiving
Institutions > Staff Transfer > Receiving - Unassigned Records : 0
End Processing Update Assignee Shell of Institutions > Staff Transfer > Receiving
Institutions > Student Transfer > Sending - Unassigned Records : 0
End Processing Update Assignee Shell of Institutions > Student Transfer > Sending
Initialize Update Assignee Shell of Institutions > Staff Transfer > Sending
Initialize Update Assignee Shell of Staff > Career > Appraisals
Institutions > Staff Transfer > Sending - Unassigned Records : 0
End Processing Update Assignee Shell of Institutions > Staff Transfer > Sending
Staff > Career > Appraisals - Unassigned Records : 0
End Processing Update Assignee Shell of Staff > Career > Appraisals
Initialize Update Assignee Shell of Institutions > Students > Student Withdraw
Institutions > Students > Student Withdraw - Unassigned Records : 0
End Processing Update Assignee Shell of Institutions > Students > Student Withdraw
Initialize Update Assignee Shell of Institutions > Students > Student Admission
Institutions > Students > Student Admission - Unassigned Records : 0
End Processing Update Assignee Shell of Institutions > Students > Student Admission
Initialize Update Assignee Shell of Institutions > Student Transfer > Receiving
Initialize Update Assignee Shell of Administration > Scholarships > Applications
Administration > Scholarships > Applications - Unassigned Records : 0
End Processing Update Assignee Shell of Administration > Scholarships > Applications
Institutions > Student Transfer > Receiving - Unassigned Records : 0
End Processing Update Assignee Shell of Institutions > Student Transfer > Receiving
Initialize Update Assignee Shell of Institutions > Student Transfer > Sending
Institutions > Student Transfer > Sending - Unassigned Records : 0
End Processing Update Assignee Shell of Institutions > Student Transfer > Sending
Initialize Update Assignee Shell of Staff > Career > Appraisals
Staff > Career > Appraisals - Unassigned Records : 0
End Processing Update Assignee Shell of Staff > Career > Appraisals
Initialize Update Assignee Shell of Administration > Scholarships > Applications
Administration > Scholarships > Applications - Unassigned Records : 0
End Processing Update Assignee Shell of Administration > Scholarships > Applications

Welcome to CakePHP v3.3.16 Console
---------------------------------------------------------------
App : src
Path: /var/www/myapp/src/
PHP : 7.1.26-1+ubuntu16.04.1+deb.sury.org+1
---------------------------------------------------------------
Initialize Update Assignee Shell of Staff > Career > Leave
Staff > Career > Leave - Unassigned Records : 0
End Processing Update Assignee Shell of Staff > Career > Leave
Initialize Update Assignee Shell of Institutions > Survey > Forms
Institutions > Survey > Forms - Unassigned Records : 0
End Processing Update Assignee Shell of Institutions > Survey > Forms
Initialize Update Assignee Shell of Administration > Training > Courses
Update Assignee Shell Exception : 
TrainingCourses is not associated with Assignees
Initialize Update Assignee Shell of Administration > Training > Sessions
Update Assignee Shell Exception : 
TrainingSessions is not associated with Assignees
Initialize Update Assignee Shell of Administration > Training > Results
Update Assignee Shell Exception : 
TrainingSessionResults is not associated with Assignees
Initialize Update Assignee Shell of Staff > Training > Needs
Staff > Training > Needs - Unassigned Records : 0
End Processing Update Assignee Shell of Staff > Training > Needs
Initialize Update Assignee Shell of Institutions > Positions
Institutions > Positions - Unassigned Records : 0
End Processing Update Assignee Shell of Institutions > Positions
Initialize Update Assignee Shell of Institutions > Staff > Change in Assignment
Institutions > Staff > Change in Assignment - Unassigned Records : 0
End Processing Update Assignee Shell of Institutions > Staff > Change in Assignment
Initialize Update Assignee Shell of Institutions > Visits > Requests
Update Assignee Shell Exception : 
SQLSTATE[42S02]: Base table or view not found: 1146 Table 'openemis.visit_requests' doesn't exist
Initialize Update Assignee Shell of Administration > Training > Applications
Update Assignee Shell Exception : 
SQLSTATE[42S02]: Base table or view not found: 1146 Table 'openemis.training_applications' doesn't exist
Initialize Update Assignee Shell of Staff > Professional Development > Licenses
Staff > Professional Development > Licenses - Unassigned Records : 0
End Processing Update Assignee Shell of Staff > Professional Development > Licenses
Initialize Update Assignee Shell of Institutions > Cases
Update Assignee Shell Exception : 
InstitutionCases is not associated with Assignees
Initialize Update Assignee Shell of Institutions > Staff Transfer > Receiving
Institutions > Staff Transfer > Receiving - Unassigned Records : 0
End Processing Update Assignee Shell of Institutions > Staff Transfer > Receiving
Initialize Update Assignee Shell of Institutions > Staff Transfer > Sending
Institutions > Staff Transfer > Sending - Unassigned Records : 0
End Processing Update Assignee Shell of Institutions > Staff Transfer > Sending
Initialize Update Assignee Shell of Institutions > Students > Student Withdraw
Institutions > Students > Student Withdraw - Unassigned Records : 0
End Processing Update Assignee Shell of Institutions > Students > Student Withdraw
Initialize Update Assignee Shell of Institutions > Students > Student Admission
Institutions > Students > Student Admission - Unassigned Records : 0
End Processing Update Assignee Shell of Institutions > Students > Student Admission
Initialize Update Assignee Shell of Institutions > Student Transfer > Receiving
Institutions > Student Transfer > Receiving - Unassigned Records : 0
End Processing Update Assignee Shell of Institutions > Student Transfer > Receiving
Initialize Update Assignee Shell of Institutions > Student Transfer > Sending
Institutions > Student Transfer > Sending - Unassigned Records : 0
End Processing Update Assignee Shell of Institutions > Student Transfer > Sending
Initialize Update Assignee Shell of Staff > Career > Appraisals
Staff > Career > Appraisals - Unassigned Records : 0
End Processing Update Assignee Shell of Staff > Career > Appraisals
Initialize Update Assignee Shell of Administration > Scholarships > Applications
Administration > Scholarships > Applications - Unassigned Records : 0
End Processing Update Assignee Shell of Administration > Scholarships > Applications

Welcome to CakePHP v3.3.16 Console
---------------------------------------------------------------
App : src
Path: /var/www/myapp/src/
PHP : 7.1.26-1+ubuntu16.04.1+deb.sury.org+1
---------------------------------------------------------------
Initialize Update Assignee Shell of Staff > Career > Leave
Staff > Career > Leave - Unassigned Records : 0
End Processing Update Assignee Shell of Staff > Career > Leave
Initialize Update Assignee Shell of Institutions > Survey > Forms
Institutions > Survey > Forms - Unassigned Records : 0
End Processing Update Assignee Shell of Institutions > Survey > Forms
Initialize Update Assignee Shell of Administration > Training > Courses
Update Assignee Shell Exception : 
TrainingCourses is not associated with Assignees
Initialize Update Assignee Shell of Administration > Training > Sessions
Update Assignee Shell Exception : 
TrainingSessions is not associated with Assignees
Initialize Update Assignee Shell of Administration > Training > Results
Update Assignee Shell Exception : 
TrainingSessionResults is not associated with Assignees
Initialize Update Assignee Shell of Staff > Training > Needs
Staff > Training > Needs - Unassigned Records : 0
End Processing Update Assignee Shell of Staff > Training > Needs
Initialize Update Assignee Shell of Institutions > Positions
Institutions > Positions - Unassigned Records : 0
End Processing Update Assignee Shell of Institutions > Positions
Initialize Update Assignee Shell of Institutions > Staff > Change in Assignment
Institutions > Staff > Change in Assignment - Unassigned Records : 1
Institutions > Staff > Change in Assignment : Affected Record Id: 1; Set to unassigned.
Update Assignee Shell Exception : 
Table "Institution\Model\Table\StaffPositionProfilesTable" is not associated with "request"
Initialize Update Assignee Shell of Institutions > Visits > Requests
Update Assignee Shell Exception : 
SQLSTATE[42S02]: Base table or view not found: 1146 Table 'openemis.visit_requests' doesn't exist
Initialize Update Assignee Shell of Administration > Training > Applications
Update Assignee Shell Exception : 
SQLSTATE[42S02]: Base table or view not found: 1146 Table 'openemis.training_applications' doesn't exist
Initialize Update Assignee Shell of Staff > Professional Development > Licenses
Staff > Professional Development > Licenses - Unassigned Records : 0
End Processing Update Assignee Shell of Staff > Professional Development > Licenses
Initialize Update Assignee Shell of Institutions > Cases
Update Assignee Shell Exception : 
InstitutionCases is not associated with Assignees
Initialize Update Assignee Shell of Institutions > Staff Transfer > Receiving
Institutions > Staff Transfer > Receiving - Unassigned Records : 0
End Processing Update Assignee Shell of Institutions > Staff Transfer > Receiving
Initialize Update Assignee Shell of Institutions > Staff Transfer > Sending
Institutions > Staff Transfer > Sending - Unassigned Records : 0
End Processing Update Assignee Shell of Institutions > Staff Transfer > Sending
Initialize Update Assignee Shell of Institutions > Students > Student Withdraw
Institutions > Students > Student Withdraw - Unassigned Records : 0
End Processing Update Assignee Shell of Institutions > Students > Student Withdraw
Initialize Update Assignee Shell of Institutions > Students > Student Admission
Institutions > Students > Student Admission - Unassigned Records : 0
End Processing Update Assignee Shell of Institutions > Students > Student Admission
Initialize Update Assignee Shell of Institutions > Student Transfer > Receiving
Institutions > Student Transfer > Receiving - Unassigned Records : 0
End Processing Update Assignee Shell of Institutions > Student Transfer > Receiving
Initialize Update Assignee Shell of Institutions > Student Transfer > Sending
Institutions > Student Transfer > Sending - Unassigned Records : 0
End Processing Update Assignee Shell of Institutions > Student Transfer > Sending
Initialize Update Assignee Shell of Staff > Career > Appraisals
Staff > Career > Appraisals - Unassigned Records : 0
End Processing Update Assignee Shell of Staff > Career > Appraisals
Initialize Update Assignee Shell of Administration > Scholarships > Applications
Administration > Scholarships > Applications - Unassigned Records : 0
End Processing Update Assignee Shell of Administration > Scholarships > Applications
